2025-10-18 15:39 [START] Driver started
2025-10-18 15:39 [CMD] password
2025-10-18 15:40 [RESULT] Password set
2025-10-18 15:40 [CMD] encrypt
2025-10-18 15:40 [RESULT] DSCWR
2025-10-18 15:44 [CMD] decrypt
2025-10-18 15:44 [RESULT] WORLD
2025-10-18 15:44 [CMD] history
2025-10-18 15:44 [RESULT] OK
2025-10-18 15:44 [CMD] quit
2025-10-18 15:44 [RESULT] RESULT
2025-10-18 15:51 [START] Driver started
2025-10-18 15:52 [CMD] password
2025-10-18 15:52 [ERROR] invalid password
2025-10-18 15:52 [CMD] password
2025-10-18 15:52 [RESULT] Password set
2025-10-18 15:52 [CMD] encrypt
2025-10-18 15:52 [RESULT] OIWWC
2025-10-18 15:52 [CMD] decrypt
2025-10-18 15:53 [RESULT] HELLO
2025-10-18 15:53 [CMD] password
2025-10-18 15:53 [RESULT] Password set
2025-10-18 15:53 [CMD] encrypt
2025-10-18 15:53 [RESULT] OIWWC
